# JRE version: OpenJDK Runtime Environment (8.0_152-b02) (build 1.8.0_152-release-1024-b02)
# Java VM: OpenJDK 64-Bit Server VM (25.152-b02 mixed mode windows-amd64 compressed oops)
Heap:
 PSYoungGen      total 448512K, used 151275K [0x00000000e0000000, 0x00000000feb00000, 0x0000000100000000)
  eden space 440832K, 32% used [0x00000000e0000000,0x00000000e8c5d758,0x00000000fae80000)
  from space 7680K, 98% used [0x00000000fcb80000,0x00000000fd2dd8a0,0x00000000fd300000)
  to   space 18944K, 0% used [0x00000000fd880000,0x00000000fd880000,0x00000000feb00000)
 ParOldGen       total 117248K, used 66933K [0x00000000a0000000, 0x00000000a7280000, 0x00000000e0000000)
  object space 117248K, 57% used [0x00000000a0000000,0x00000000a415d4e0,0x00000000a7280000)
 Metaspace       used 83977K, capacity 91054K, committed 91136K, reserved 1128448K
  class space    used 10876K, capacity 12018K, committed 12032K, reserved 1048576K
GC Heap History (10 events):
Event: 337.126 GC heap before
{Heap before GC invocations=20 (full 3):
 PSYoungGen      total 498688K, used 498128K [0x00000000e0000000, 0x0000000100000000, 0x0000000100000000)
  eden space 480256K, 99% used [0x00000000e0000000,0x00000000fd479720,0x00000000fd500000)
  from space 18432K, 99% used [0x00000000fee00000,0x00000000ffffa940,0x0000000100000000)
  to   space 22016K, 0% used [0x00000000fd500000,0x00000000fd500000,0x00000000fea80000)
 ParOldGen       total 117248K, used 49597K [0x00000000a0000000, 0x00000000a7280000, 0x00000000e0000000)
  object space 117248K, 42% used [0x00000000a0000000,0x00000000a306f478,0x00000000a7280000)
 Metaspace       used 81225K, capacity 87230K, committed 87552K, reserved 1124352K
  class space    used 10695K, capacity 11692K, committed 11776K, reserved 1048576K
Event: 337.140 GC heap after
Heap after GC invocations=20 (full 3):
 PSYoungGen      total 502272K, used 6400K [0x00000000e0000000, 0x0000000100000000, 0x0000000100000000)
  eden space 480256K, 0% used [0x00000000e0000000,0x00000000e0000000,0x00000000fd500000)
  from space 22016K, 29% used [0x00000000fd500000,0x00000000fdb40120,0x00000000fea80000)
  to   space 21504K, 0% used [0x00000000feb00000,0x00000000feb00000,0x0000000100000000)
 ParOldGen       total 117248K, used 61417K [0x00000000a0000000, 0x00000000a7280000, 0x00000000e0000000)
  object space 117248K, 52% used [0x00000000a0000000,0x00000000a3bfa598,0x00000000a7280000)
 Metaspace       used 81225K, capacity 87230K, committed 87552K, reserved 1124352K
  class space    used 10695K, capacity 11692K, committed 11776K, reserved 1048576K
}
Event: 772.206 GC heap before
{Heap before GC invocations=21 (full 3):
 PSYoungGen      total 502272K, used 486656K [0x00000000e0000000, 0x0000000100000000, 0x0000000100000000)
  eden space 480256K, 100% used [0x00000000e0000000,0x00000000fd500000,0x00000000fd500000)
  from space 22016K, 29% used [0x00000000fd500000,0x00000000fdb40120,0x00000000fea80000)
  to   space 21504K, 0% used [0x00000000feb00000,0x00000000feb00000,0x0000000100000000)
 ParOldGen       total 117248K, used 61417K [0x00000000a0000000, 0x00000000a7280000, 0x00000000e0000000)
  object space 117248K, 52% used [0x00000000a0000000,0x00000000a3bfa598,0x00000000a7280000)
 Metaspace       used 82224K, capacity 88594K, committed 88704K, reserved 1126400K
  class space    used 10760K, capacity 11810K, committed 11904K, reserved 1048576K
Event: 772.215 GC heap after
Heap after GC invocations=21 (full 3):
 PSYoungGen      total 501760K, used 5891K [0x00000000e0000000, 0x00000000fff80000, 0x0000000100000000)
  eden space 480768K, 0% used [0x00000000e0000000,0x00000000e0000000,0x00000000fd580000)
  from space 20992K, 28% used [0x00000000feb00000,0x00000000ff0c0d40,0x00000000fff80000)
  to   space 21504K, 0% used [0x00000000fd580000,0x00000000fd580000,0x00000000fea80000)
 ParOldGen       total 117248K, used 62937K [0x00000000a0000000, 0x00000000a7280000, 0x00000000e0000000)
  object space 117248K, 53% used [0x00000000a0000000,0x00000000a3d764e8,0x00000000a7280000)
 Metaspace       used 82224K, capacity 88594K, committed 88704K, reserved 1126400K
  class space    used 10760K, capacity 11810K, committed 11904K, reserved 1048576K
}
Event: 777.702 GC heap before
{Heap before GC invocations=22 (full 3):
 PSYoungGen      total 501760K, used 486439K [0x00000000e0000000, 0x00000000fff80000, 0x0000000100000000)
  eden space 480768K, 99% used [0x00000000e0000000,0x00000000fd548ed8,0x00000000fd580000)
  from space 20992K, 28% used [0x00000000feb00000,0x00000000ff0c0d40,0x00000000fff80000)
  to   space 21504K, 0% used [0x00000000fd580000,0x00000000fd580000,0x00000000fea80000)
 ParOldGen       total 117248K, used 62937K [0x00000000a0000000, 0x00000000a7280000, 0x00000000e0000000)
  object space 117248K, 53% used [0x00000000a0000000,0x00000000a3d764e8,0x00000000a7280000)
 Metaspace       used 82684K, capacity 89220K, committed 89472K, reserved 1126400K
  class space    used 10774K, capacity 11834K, committed 11904K, reserved 1048576K
Event: 777.712 GC heap after
Heap after GC invocations=22 (full 3):
 PSYoungGen      total 502272K, used 6441K [0x00000000e0000000, 0x00000000ffe80000, 0x0000000100000000)
  eden space 480768K, 0% used [0x00000000e0000000,0x00000000e0000000,0x00000000fd580000)
  from space 21504K, 29% used [0x00000000fd580000,0x00000000fdbca408,0x00000000fea80000)
  to   space 20480K, 0% used [0x00000000fea80000,0x00000000fea80000,0x00000000ffe80000)
 ParOldGen       total 117248K, used 66917K [0x00000000a0000000, 0x00000000a7280000, 0x00000000e0000000)
  object space 117248K, 57% used [0x00000000a0000000,0x00000000a41594e0,0x00000000a7280000)
 Metaspace       used 82684K, capacity 89220K, committed 89472K, reserved 1126400K
  class space    used 10774K, capacity 11834K, committed 11904K, reserved 1048576K
}
Event: 870.883 GC heap before
{Heap before GC invocations=23 (full 3):
 PSYoungGen      total 502272K, used 487209K [0x00000000e0000000, 0x00000000ffe80000, 0x0000000100000000)
  eden space 480768K, 100% used [0x00000000e0000000,0x00000000fd580000,0x00000000fd580000)
  from space 21504K, 29% used [0x00000000fd580000,0x00000000fdbca408,0x00000000fea80000)
  to   space 20480K, 0% used [0x00000000fea80000,0x00000000fea80000,0x00000000ffe80000)
 ParOldGen       total 117248K, used 66917K [0x00000000a0000000, 0x00000000a7280000, 0x00000000e0000000)
  object space 117248K, 57% used [0x00000000a0000000,0x00000000a41594e0,0x00000000a7280000)
 Metaspace       used 83347K, capacity 90256K, committed 90368K, reserved 1128448K
  class space    used 10850K, capacity 11974K, committed 12032K, reserved 1048576K
Event: 870.890 GC heap after
Heap after GC invocations=23 (full 3):
 PSYoungGen      total 468480K, used 7858K [0x00000000e0000000, 0x00000000ff280000, 0x0000000100000000)
  eden space 460288K, 0% used [0x00000000e0000000,0x00000000e0000000,0x00000000fc180000)
  from space 8192K, 95% used [0x00000000fea80000,0x00000000ff22c8c0,0x00000000ff280000)
  to   space 19968K, 0% used [0x00000000fcb80000,0x00000000fcb80000,0x00000000fdf00000)
 ParOldGen       total 117248K, used 66925K [0x00000000a0000000, 0x00000000a7280000, 0x00000000e0000000)
  object space 117248K, 57% used [0x00000000a0000000,0x00000000a415b4e0,0x00000000a7280000)
 Metaspace       used 83347K, capacity 90256K, committed 90368K, reserved 1128448K
  class space    used 10850K, capacity 11974K, committed 12032K, reserved 1048576K
}
Event: 1791.535 GC heap before
{Heap before GC invocations=24 (full 3):
 PSYoungGen      total 468480K, used 468146K [0x00000000e0000000, 0x00000000ff280000, 0x0000000100000000)
  eden space 460288K, 100% used [0x00000000e0000000,0x00000000fc180000,0x00000000fc180000)
  from space 8192K, 95% used [0x00000000fea80000,0x00000000ff22c8c0,0x00000000ff280000)
  to   space 19968K, 0% used [0x00000000fcb80000,0x00000000fcb80000,0x00000000fdf00000)
 ParOldGen       total 117248K, used 66925K [0x00000000a0000000, 0x00000000a7280000, 0x00000000e0000000)
  object space 117248K, 57% used [0x00000000a0000000,0x00000000a415b4e0,0x00000000a7280000)
 Metaspace       used 83876K, capacity 90972K, committed 91136K, reserved 1128448K
  class space    used 10873K, capacity 12016K, committed 12032K, reserved 1048576K
Event: 1791.547 GC heap after
Heap after GC invocations=24 (full 3):
 PSYoungGen      total 448512K, used 7542K [0x00000000e0000000, 0x00000000feb00000, 0x0000000100000000)
  eden space 440832K, 0% used [0x00000000e0000000,0x00000000e0000000,0x00000000fae80000)
  from space 7680K, 98% used [0x00000000fcb80000,0x00000000fd2dd8a0,0x00000000fd300000)
  to   space 18944K, 0% used [0x00000000fd880000,0x00000000fd880000,0x00000000feb00000)
 ParOldGen       total 117248K, used 66933K [0x00000000a0000000, 0x00000000a7280000, 0x00000000e0000000)
  object space 117248K, 57% used [0x00000000a0000000,0x00000000a415d4e0,0x00000000a7280000)
 Metaspace       used 83876K, capacity 90972K, committed 91136K, reserved 1128448K
  class space    used 10873K, capacity 12016K, committed 12032K, reserved 1048576K
}

