# JRE version: OpenJDK Runtime Environment (8.0_152-b02) (build 1.8.0_152-release-1024-b02)
# Java VM: OpenJDK 64-Bit Server VM (25.152-b02 mixed mode windows-amd64 compressed oops)
Heap:
 PSYoungGen      total 483840K, used 158453K [0x00000000e0000000, 0x0000000100000000, 0x0000000100000000)
  eden space 454656K, 28% used [0x00000000e0000000,0x00000000e7e43928,0x00000000fbc00000)
  from space 29184K, 99% used [0x00000000fe380000,0x00000000ffff9cb8,0x0000000100000000)
  to   space 34816K, 0% used [0x00000000fbc00000,0x00000000fbc00000,0x00000000fde00000)
 ParOldGen       total 193536K, used 84013K [0x00000000a0000000, 0x00000000abd00000, 0x00000000e0000000)
  object space 193536K, 43% used [0x00000000a0000000,0x00000000a520b558,0x00000000abd00000)
 Metaspace       used 125568K, capacity 129811K, committed 130264K, reserved 1163264K
  class space    used 15277K, capacity 16078K, committed 16128K, reserved 1048576K
GC Heap History (10 events):
Event: 485.832 GC heap before
{Heap before GC invocations=26 (full 4):
 PSYoungGen      total 492032K, used 464114K [0x00000000e0000000, 0x0000000100000000, 0x0000000100000000)
  eden space 461312K, 100% used [0x00000000e0000000,0x00000000fc280000,0x00000000fc280000)
  from space 30720K, 9% used [0x00000000fc280000,0x00000000fc53c9e0,0x00000000fe080000)
  to   space 30720K, 0% used [0x00000000fe200000,0x00000000fe200000,0x0000000100000000)
 ParOldGen       total 193536K, used 80837K [0x00000000a0000000, 0x00000000abd00000, 0x00000000e0000000)
  object space 193536K, 41% used [0x00000000a0000000,0x00000000a4ef1668,0x00000000abd00000)
 Metaspace       used 99339K, capacity 102445K, committed 102744K, reserved 1138688K
  class space    used 12219K, capacity 12845K, committed 12928K, reserved 1048576K
Event: 485.843 GC heap after
Heap after GC invocations=26 (full 4):
 PSYoungGen      total 492544K, used 3268K [0x00000000e0000000, 0x00000000fff00000, 0x0000000100000000)
  eden space 462848K, 0% used [0x00000000e0000000,0x00000000e0000000,0x00000000fc400000)
  from space 29696K, 11% used [0x00000000fe200000,0x00000000fe531190,0x00000000fff00000)
  to   space 30208K, 0% used [0x00000000fc400000,0x00000000fc400000,0x00000000fe180000)
 ParOldGen       total 193536K, used 80861K [0x00000000a0000000, 0x00000000abd00000, 0x00000000e0000000)
  object space 193536K, 41% used [0x00000000a0000000,0x00000000a4ef7668,0x00000000abd00000)
 Metaspace       used 99339K, capacity 102445K, committed 102744K, reserved 1138688K
  class space    used 12219K, capacity 12845K, committed 12928K, reserved 1048576K
}
Event: 491.827 GC heap before
{Heap before GC invocations=27 (full 4):
 PSYoungGen      total 492544K, used 466089K [0x00000000e0000000, 0x00000000fff00000, 0x0000000100000000)
  eden space 462848K, 99% used [0x00000000e0000000,0x00000000fc3f9458,0x00000000fc400000)
  from space 29696K, 11% used [0x00000000fe200000,0x00000000fe531190,0x00000000fff00000)
  to   space 30208K, 0% used [0x00000000fc400000,0x00000000fc400000,0x00000000fe180000)
 ParOldGen       total 193536K, used 80861K [0x00000000a0000000, 0x00000000abd00000, 0x00000000e0000000)
  object space 193536K, 41% used [0x00000000a0000000,0x00000000a4ef7668,0x00000000abd00000)
 Metaspace       used 100214K, capacity 103381K, committed 103640K, reserved 1140736K
  class space    used 12298K, capacity 12955K, committed 13056K, reserved 1048576K
Event: 491.839 GC heap after
Heap after GC invocations=27 (full 4):
 PSYoungGen      total 493056K, used 18017K [0x00000000e0000000, 0x0000000100000000, 0x0000000100000000)
  eden space 462848K, 0% used [0x00000000e0000000,0x00000000e0000000,0x00000000fc400000)
  from space 30208K, 59% used [0x00000000fc400000,0x00000000fd598570,0x00000000fe180000)
  to   space 30720K, 0% used [0x00000000fe200000,0x00000000fe200000,0x0000000100000000)
 ParOldGen       total 193536K, used 80909K [0x00000000a0000000, 0x00000000abd00000, 0x00000000e0000000)
  object space 193536K, 41% used [0x00000000a0000000,0x00000000a4f03668,0x00000000abd00000)
 Metaspace       used 100214K, capacity 103381K, committed 103640K, reserved 1140736K
  class space    used 12298K, capacity 12955K, committed 13056K, reserved 1048576K
}
Event: 498.781 GC heap before
{Heap before GC invocations=28 (full 4):
 PSYoungGen      total 493056K, used 480672K [0x00000000e0000000, 0x0000000100000000, 0x0000000100000000)
  eden space 462848K, 99% used [0x00000000e0000000,0x00000000fc3cfce8,0x00000000fc400000)
  from space 30208K, 59% used [0x00000000fc400000,0x00000000fd598570,0x00000000fe180000)
  to   space 30720K, 0% used [0x00000000fe200000,0x00000000fe200000,0x0000000100000000)
 ParOldGen       total 193536K, used 80909K [0x00000000a0000000, 0x00000000abd00000, 0x00000000e0000000)
  object space 193536K, 41% used [0x00000000a0000000,0x00000000a4f03668,0x00000000abd00000)
 Metaspace       used 101269K, capacity 104827K, committed 105048K, reserved 1140736K
  class space    used 12463K, capacity 13172K, committed 13184K, reserved 1048576K
Event: 498.792 GC heap after
Heap after GC invocations=28 (full 4):
 PSYoungGen      total 491520K, used 11441K [0x00000000e0000000, 0x00000000ffd80000, 0x0000000100000000)
  eden space 463360K, 0% used [0x00000000e0000000,0x00000000e0000000,0x00000000fc480000)
  from space 28160K, 40% used [0x00000000fe200000,0x00000000fed2c568,0x00000000ffd80000)
  to   space 29184K, 0% used [0x00000000fc480000,0x00000000fc480000,0x00000000fe100000)
 ParOldGen       total 193536K, used 81981K [0x00000000a0000000, 0x00000000abd00000, 0x00000000e0000000)
  object space 193536K, 42% used [0x00000000a0000000,0x00000000a500f6e8,0x00000000abd00000)
 Metaspace       used 101269K, capacity 104827K, committed 105048K, reserved 1140736K
  class space    used 12463K, capacity 13172K, committed 13184K, reserved 1048576K
}
Event: 498.872 GC heap before
{Heap before GC invocations=29 (full 4):
 PSYoungGen      total 491520K, used 474262K [0x00000000e0000000, 0x00000000ffd80000, 0x0000000100000000)
  eden space 463360K, 99% used [0x00000000e0000000,0x00000000fc3f9630,0x00000000fc480000)
  from space 28160K, 40% used [0x00000000fe200000,0x00000000fed2c568,0x00000000ffd80000)
  to   space 29184K, 0% used [0x00000000fc480000,0x00000000fc480000,0x00000000fe100000)
 ParOldGen       total 193536K, used 81981K [0x00000000a0000000, 0x00000000abd00000, 0x00000000e0000000)
  object space 193536K, 42% used [0x00000000a0000000,0x00000000a500f6e8,0x00000000abd00000)
 Metaspace       used 101275K, capacity 104827K, committed 105048K, reserved 1140736K
  class space    used 12463K, capacity 13172K, committed 13184K, reserved 1048576K
Event: 498.875 GC heap after
Heap after GC invocations=29 (full 4):
 PSYoungGen      total 492544K, used 2041K [0x00000000e0000000, 0x0000000100000000, 0x0000000100000000)
  eden space 463360K, 0% used [0x00000000e0000000,0x00000000e0000000,0x00000000fc480000)
  from space 29184K, 6% used [0x00000000fc480000,0x00000000fc67e5a8,0x00000000fe100000)
  to   space 29184K, 0% used [0x00000000fe380000,0x00000000fe380000,0x0000000100000000)
 ParOldGen       total 193536K, used 81981K [0x00000000a0000000, 0x00000000abd00000, 0x00000000e0000000)
  object space 193536K, 42% used [0x00000000a0000000,0x00000000a500f6e8,0x00000000abd00000)
 Metaspace       used 101275K, capacity 104827K, committed 105048K, reserved 1140736K
  class space    used 12463K, capacity 13172K, committed 13184K, reserved 1048576K
}
Event: 829.342 GC heap before
{Heap before GC invocations=30 (full 4):
 PSYoungGen      total 492544K, used 465401K [0x00000000e0000000, 0x0000000100000000, 0x0000000100000000)
  eden space 463360K, 100% used [0x00000000e0000000,0x00000000fc480000,0x00000000fc480000)
  from space 29184K, 6% used [0x00000000fc480000,0x00000000fc67e5a8,0x00000000fe100000)
  to   space 29184K, 0% used [0x00000000fe380000,0x00000000fe380000,0x0000000100000000)
 ParOldGen       total 193536K, used 81981K [0x00000000a0000000, 0x00000000abd00000, 0x00000000e0000000)
  object space 193536K, 42% used [0x00000000a0000000,0x00000000a500f6e8,0x00000000abd00000)
 Metaspace       used 117752K, capacity 121967K, committed 122200K, reserved 1157120K
  class space    used 14337K, capacity 15128K, committed 15232K, reserved 1048576K
Event: 829.373 GC heap after
Heap after GC invocations=30 (full 4):
 PSYoungGen      total 483840K, used 29159K [0x00000000e0000000, 0x0000000100000000, 0x0000000100000000)
  eden space 454656K, 0% used [0x00000000e0000000,0x00000000e0000000,0x00000000fbc00000)
  from space 29184K, 99% used [0x00000000fe380000,0x00000000ffff9cb8,0x0000000100000000)
  to   space 34816K, 0% used [0x00000000fbc00000,0x00000000fbc00000,0x00000000fde00000)
 ParOldGen       total 193536K, used 84013K [0x00000000a0000000, 0x00000000abd00000, 0x00000000e0000000)
  object space 193536K, 43% used [0x00000000a0000000,0x00000000a520b558,0x00000000abd00000)
 Metaspace       used 117752K, capacity 121967K, committed 122200K, reserved 1157120K
  class space    used 14337K, capacity 15128K, committed 15232K, reserved 1048576K
}

