# JRE version: OpenJDK Runtime Environment (8.0_152-b02) (build 1.8.0_152-release-1024-b02)
# Java VM: OpenJDK 64-Bit Server VM (25.152-b02 mixed mode windows-amd64 compressed oops)
Heap:
 PSYoungGen      total 275456K, used 100243K [0x00000000e0000000, 0x00000000f4600000, 0x0000000100000000)
  eden space 251904K, 30% used [0x00000000e0000000,0x00000000e4ae8e58,0x00000000ef600000)
  from space 23552K, 99% used [0x00000000ef600000,0x00000000f0cfbde0,0x00000000f0d00000)
  to   space 27136K, 0% used [0x00000000f2b80000,0x00000000f2b80000,0x00000000f4600000)
 ParOldGen       total 143872K, used 46665K [0x00000000a0000000, 0x00000000a8c80000, 0x00000000e0000000)
  object space 143872K, 32% used [0x00000000a0000000,0x00000000a2d92680,0x00000000a8c80000)
 Metaspace       used 70430K, capacity 73040K, committed 73128K, reserved 1112064K
  class space    used 9244K, capacity 9869K, committed 9904K, reserved 1048576K
GC Heap History (10 events):
Event: 10.791 GC heap before
{Heap before GC invocations=12 (full 2):
 PSYoungGen      total 158720K, used 158708K [0x00000000e0000000, 0x00000000ee280000, 0x0000000100000000)
  eden space 144896K, 100% used [0x00000000e0000000,0x00000000e8d80000,0x00000000e8d80000)
  from space 13824K, 99% used [0x00000000e8d80000,0x00000000e9afd068,0x00000000e9b00000)
  to   space 15872K, 0% used [0x00000000ed300000,0x00000000ed300000,0x00000000ee280000)
 ParOldGen       total 87040K, used 17229K [0x00000000a0000000, 0x00000000a5500000, 0x00000000e0000000)
  object space 87040K, 19% used [0x00000000a0000000,0x00000000a10d36d0,0x00000000a5500000)
 Metaspace       used 51664K, capacity 53062K, committed 53288K, reserved 1095680K
  class space    used 6957K, capacity 7393K, committed 7472K, reserved 1048576K
Event: 10.802 GC heap after
Heap after GC invocations=12 (full 2):
 PSYoungGen      total 210944K, used 14952K [0x00000000e0000000, 0x00000000ee200000, 0x0000000100000000)
  eden space 195584K, 0% used [0x00000000e0000000,0x00000000e0000000,0x00000000ebf00000)
  from space 15360K, 97% used [0x00000000ed300000,0x00000000ee19a210,0x00000000ee200000)
  to   space 17408K, 0% used [0x00000000ec000000,0x00000000ec000000,0x00000000ed100000)
 ParOldGen       total 87040K, used 17301K [0x00000000a0000000, 0x00000000a5500000, 0x00000000e0000000)
  object space 87040K, 19% used [0x00000000a0000000,0x00000000a10e56e0,0x00000000a5500000)
 Metaspace       used 51664K, capacity 53062K, committed 53288K, reserved 1095680K
  class space    used 6957K, capacity 7393K, committed 7472K, reserved 1048576K
}
Event: 12.157 GC heap before
{Heap before GC invocations=13 (full 2):
 PSYoungGen      total 210944K, used 196273K [0x00000000e0000000, 0x00000000ee200000, 0x0000000100000000)
  eden space 195584K, 92% used [0x00000000e0000000,0x00000000eb1124f0,0x00000000ebf00000)
  from space 15360K, 97% used [0x00000000ed300000,0x00000000ee19a210,0x00000000ee200000)
  to   space 17408K, 0% used [0x00000000ec000000,0x00000000ec000000,0x00000000ed100000)
 ParOldGen       total 87040K, used 17301K [0x00000000a0000000, 0x00000000a5500000, 0x00000000e0000000)
  object space 87040K, 19% used [0x00000000a0000000,0x00000000a10e56e0,0x00000000a5500000)
 Metaspace       used 57292K, capacity 59068K, committed 59160K, reserved 1099776K
  class space    used 7855K, capacity 8327K, committed 8368K, reserved 1048576K
Event: 12.178 GC heap after
Heap after GC invocations=13 (full 2):
 PSYoungGen      total 214016K, used 17376K [0x00000000e0000000, 0x00000000f3000000, 0x0000000100000000)
  eden space 196608K, 0% used [0x00000000e0000000,0x00000000e0000000,0x00000000ec000000)
  from space 17408K, 99% used [0x00000000ec000000,0x00000000ed0f8220,0x00000000ed100000)
  to   space 24576K, 0% used [0x00000000f1800000,0x00000000f1800000,0x00000000f3000000)
 ParOldGen       total 87040K, used 30557K [0x00000000a0000000, 0x00000000a5500000, 0x00000000e0000000)
  object space 87040K, 35% used [0x00000000a0000000,0x00000000a1dd76b0,0x00000000a5500000)
 Metaspace       used 57292K, capacity 59068K, committed 59160K, reserved 1099776K
  class space    used 7855K, capacity 8327K, committed 8368K, reserved 1048576K
}
Event: 12.178 GC heap before
{Heap before GC invocations=14 (full 3):
 PSYoungGen      total 214016K, used 17376K [0x00000000e0000000, 0x00000000f3000000, 0x0000000100000000)
  eden space 196608K, 0% used [0x00000000e0000000,0x00000000e0000000,0x00000000ec000000)
  from space 17408K, 99% used [0x00000000ec000000,0x00000000ed0f8220,0x00000000ed100000)
  to   space 24576K, 0% used [0x00000000f1800000,0x00000000f1800000,0x00000000f3000000)
 ParOldGen       total 87040K, used 30557K [0x00000000a0000000, 0x00000000a5500000, 0x00000000e0000000)
  object space 87040K, 35% used [0x00000000a0000000,0x00000000a1dd76b0,0x00000000a5500000)
 Metaspace       used 57292K, capacity 59068K, committed 59160K, reserved 1099776K
  class space    used 7855K, capacity 8327K, committed 8368K, reserved 1048576K
Event: 12.428 GC heap after
Heap after GC invocations=14 (full 3):
 PSYoungGen      total 214016K, used 0K [0x00000000e0000000, 0x00000000f3000000, 0x0000000100000000)
  eden space 196608K, 0% used [0x00000000e0000000,0x00000000e0000000,0x00000000ec000000)
  from space 17408K, 0% used [0x00000000ec000000,0x00000000ec000000,0x00000000ed100000)
  to   space 24576K, 0% used [0x00000000f1800000,0x00000000f1800000,0x00000000f3000000)
 ParOldGen       total 143872K, used 45707K [0x00000000a0000000, 0x00000000a8c80000, 0x00000000e0000000)
  object space 143872K, 31% used [0x00000000a0000000,0x00000000a2ca2d40,0x00000000a8c80000)
 Metaspace       used 57292K, capacity 59068K, committed 59160K, reserved 1099776K
  class space    used 7855K, capacity 8327K, committed 8368K, reserved 1048576K
}
Event: 20.891 GC heap before
{Heap before GC invocations=15 (full 3):
 PSYoungGen      total 214016K, used 196608K [0x00000000e0000000, 0x00000000f3000000, 0x0000000100000000)
  eden space 196608K, 100% used [0x00000000e0000000,0x00000000ec000000,0x00000000ec000000)
  from space 17408K, 0% used [0x00000000ec000000,0x00000000ec000000,0x00000000ed100000)
  to   space 24576K, 0% used [0x00000000f1800000,0x00000000f1800000,0x00000000f3000000)
 ParOldGen       total 143872K, used 45707K [0x00000000a0000000, 0x00000000a8c80000, 0x00000000e0000000)
  object space 143872K, 31% used [0x00000000a0000000,0x00000000a2ca2d40,0x00000000a8c80000)
 Metaspace       used 64751K, capacity 67030K, committed 67112K, reserved 1107968K
  class space    used 8631K, capacity 9200K, committed 9264K, reserved 1048576K
Event: 20.902 GC heap after
Heap after GC invocations=15 (full 3):
 PSYoungGen      total 250368K, used 12001K [0x00000000e0000000, 0x00000000f2400000, 0x0000000100000000)
  eden space 238080K, 0% used [0x00000000e0000000,0x00000000e0000000,0x00000000ee880000)
  from space 12288K, 97% used [0x00000000f1800000,0x00000000f23b8668,0x00000000f2400000)
  to   space 23552K, 0% used [0x00000000ef600000,0x00000000ef600000,0x00000000f0d00000)
 ParOldGen       total 143872K, used 45734K [0x00000000a0000000, 0x00000000a8c80000, 0x00000000e0000000)
  object space 143872K, 31% used [0x00000000a0000000,0x00000000a2ca9990,0x00000000a8c80000)
 Metaspace       used 64751K, capacity 67030K, committed 67112K, reserved 1107968K
  class space    used 8631K, capacity 9200K, committed 9264K, reserved 1048576K
}
Event: 2170.319 GC heap before
{Heap before GC invocations=16 (full 3):
 PSYoungGen      total 250368K, used 250081K [0x00000000e0000000, 0x00000000f2400000, 0x0000000100000000)
  eden space 238080K, 100% used [0x00000000e0000000,0x00000000ee880000,0x00000000ee880000)
  from space 12288K, 97% used [0x00000000f1800000,0x00000000f23b8668,0x00000000f2400000)
  to   space 23552K, 0% used [0x00000000ef600000,0x00000000ef600000,0x00000000f0d00000)
 ParOldGen       total 143872K, used 45734K [0x00000000a0000000, 0x00000000a8c80000, 0x00000000e0000000)
  object space 143872K, 31% used [0x00000000a0000000,0x00000000a2ca9990,0x00000000a8c80000)
 Metaspace       used 69976K, capacity 72548K, committed 72616K, reserved 1112064K
  class space    used 9214K, capacity 9851K, committed 9904K, reserved 1048576K
Event: 2170.351 GC heap after
Heap after GC invocations=16 (full 3):
 PSYoungGen      total 275456K, used 23535K [0x00000000e0000000, 0x00000000f4600000, 0x0000000100000000)
  eden space 251904K, 0% used [0x00000000e0000000,0x00000000e0000000,0x00000000ef600000)
  from space 23552K, 99% used [0x00000000ef600000,0x00000000f0cfbde0,0x00000000f0d00000)
  to   space 27136K, 0% used [0x00000000f2b80000,0x00000000f2b80000,0x00000000f4600000)
 ParOldGen       total 143872K, used 46665K [0x00000000a0000000, 0x00000000a8c80000, 0x00000000e0000000)
  object space 143872K, 32% used [0x00000000a0000000,0x00000000a2d92680,0x00000000a8c80000)
 Metaspace       used 69976K, capacity 72548K, committed 72616K, reserved 1112064K
  class space    used 9214K, capacity 9851K, committed 9904K, reserved 1048576K
}

