# JRE version: OpenJDK Runtime Environment (8.0_152-b02) (build 1.8.0_152-release-1024-b02)
# Java VM: OpenJDK 64-Bit Server VM (25.152-b02 mixed mode windows-amd64 compressed oops)
Heap:
 PSYoungGen      total 198144K, used 183642K [0x00000000e0000000, 0x00000000eed80000, 0x0000000100000000)
  eden space 171520K, 91% used [0x00000000e0000000,0x00000000e99c1618,0x00000000ea780000)
  from space 26624K, 98% used [0x00000000eac80000,0x00000000ec615270,0x00000000ec680000)
  to   space 35840K, 0% used [0x00000000eca80000,0x00000000eca80000,0x00000000eed80000)
 ParOldGen       total 149504K, used 45816K [0x00000000a0000000, 0x00000000a9200000, 0x00000000e0000000)
  object space 149504K, 30% used [0x00000000a0000000,0x00000000a2cbe068,0x00000000a9200000)
 Metaspace       used 81871K, capacity 87836K, committed 88088K, reserved 1126400K
  class space    used 10663K, capacity 11700K, committed 11824K, reserved 1048576K
GC Heap History (10 events):
Event: 1329.672 GC heap before
{Heap before GC invocations=18 (full 3):
 PSYoungGen      total 221184K, used 221161K [0x00000000e0000000, 0x00000000ef980000, 0x0000000100000000)
  eden space 200192K, 100% used [0x00000000e0000000,0x00000000ec380000,0x00000000ec380000)
  from space 20992K, 99% used [0x00000000ee180000,0x00000000ef5fa480,0x00000000ef600000)
  to   space 27648K, 0% used [0x00000000ec380000,0x00000000ec380000,0x00000000ede80000)
 ParOldGen       total 149504K, used 42810K [0x00000000a0000000, 0x00000000a9200000, 0x00000000e0000000)
  object space 149504K, 28% used [0x00000000a0000000,0x00000000a29ce8b0,0x00000000a9200000)
 Metaspace       used 79573K, capacity 85204K, committed 85272K, reserved 1122304K
  class space    used 10583K, capacity 11559K, committed 11568K, reserved 1048576K
Event: 1329.685 GC heap after
Heap after GC invocations=18 (full 3):
 PSYoungGen      total 215040K, used 20609K [0x00000000e0000000, 0x00000000ef680000, 0x0000000100000000)
  eden space 194048K, 0% used [0x00000000e0000000,0x00000000e0000000,0x00000000ebd80000)
  from space 20992K, 98% used [0x00000000ec380000,0x00000000ed7a0588,0x00000000ed800000)
  to   space 29184K, 0% used [0x00000000eda00000,0x00000000eda00000,0x00000000ef680000)
 ParOldGen       total 149504K, used 42818K [0x00000000a0000000, 0x00000000a9200000, 0x00000000e0000000)
  object space 149504K, 28% used [0x00000000a0000000,0x00000000a29d08b0,0x00000000a9200000)
 Metaspace       used 79573K, capacity 85204K, committed 85272K, reserved 1122304K
  class space    used 10583K, capacity 11559K, committed 11568K, reserved 1048576K
}
Event: 1599.491 GC heap before
{Heap before GC invocations=19 (full 3):
 PSYoungGen      total 215040K, used 214657K [0x00000000e0000000, 0x00000000ef680000, 0x0000000100000000)
  eden space 194048K, 100% used [0x00000000e0000000,0x00000000ebd80000,0x00000000ebd80000)
  from space 20992K, 98% used [0x00000000ec380000,0x00000000ed7a0588,0x00000000ed800000)
  to   space 29184K, 0% used [0x00000000eda00000,0x00000000eda00000,0x00000000ef680000)
 ParOldGen       total 149504K, used 42818K [0x00000000a0000000, 0x00000000a9200000, 0x00000000e0000000)
  object space 149504K, 28% used [0x00000000a0000000,0x00000000a29d08b0,0x00000000a9200000)
 Metaspace       used 79983K, capacity 85588K, committed 85912K, reserved 1124352K
  class space    used 10599K, capacity 11607K, committed 11696K, reserved 1048576K
Event: 1599.505 GC heap after
Heap after GC invocations=19 (full 3):
 PSYoungGen      total 209920K, used 16598K [0x00000000e0000000, 0x00000000eef80000, 0x0000000100000000)
  eden space 187904K, 0% used [0x00000000e0000000,0x00000000e0000000,0x00000000eb780000)
  from space 22016K, 75% used [0x00000000eda00000,0x00000000eea35848,0x00000000eef80000)
  to   space 28672K, 0% used [0x00000000eb780000,0x00000000eb780000,0x00000000ed380000)
 ParOldGen       total 149504K, used 42826K [0x00000000a0000000, 0x00000000a9200000, 0x00000000e0000000)
  object space 149504K, 28% used [0x00000000a0000000,0x00000000a29d28b0,0x00000000a9200000)
 Metaspace       used 79983K, capacity 85588K, committed 85912K, reserved 1124352K
  class space    used 10599K, capacity 11607K, committed 11696K, reserved 1048576K
}
Event: 1601.821 GC heap before
{Heap before GC invocations=20 (full 3):
 PSYoungGen      total 209920K, used 204502K [0x00000000e0000000, 0x00000000eef80000, 0x0000000100000000)
  eden space 187904K, 100% used [0x00000000e0000000,0x00000000eb780000,0x00000000eb780000)
  from space 22016K, 75% used [0x00000000eda00000,0x00000000eea35848,0x00000000eef80000)
  to   space 28672K, 0% used [0x00000000eb780000,0x00000000eb780000,0x00000000ed380000)
 ParOldGen       total 149504K, used 42826K [0x00000000a0000000, 0x00000000a9200000, 0x00000000e0000000)
  object space 149504K, 28% used [0x00000000a0000000,0x00000000a29d28b0,0x00000000a9200000)
 Metaspace       used 80592K, capacity 86528K, committed 86680K, reserved 1124352K
  class space    used 10621K, capacity 11644K, committed 11696K, reserved 1048576K
Event: 1601.835 GC heap after
Heap after GC invocations=20 (full 3):
 PSYoungGen      total 201216K, used 18707K [0x00000000e0000000, 0x00000000eea00000, 0x0000000100000000)
  eden space 182272K, 0% used [0x00000000e0000000,0x00000000e0000000,0x00000000eb200000)
  from space 18944K, 98% used [0x00000000eb780000,0x00000000ec9c4df0,0x00000000eca00000)
  to   space 28672K, 0% used [0x00000000ece00000,0x00000000ece00000,0x00000000eea00000)
 ParOldGen       total 149504K, used 42834K [0x00000000a0000000, 0x00000000a9200000, 0x00000000e0000000)
  object space 149504K, 28% used [0x00000000a0000000,0x00000000a29d48b0,0x00000000a9200000)
 Metaspace       used 80592K, capacity 86528K, committed 86680K, reserved 1124352K
  class space    used 10621K, capacity 11644K, committed 11696K, reserved 1048576K
}
Event: 2459.541 GC heap before
{Heap before GC invocations=21 (full 3):
 PSYoungGen      total 201216K, used 200979K [0x00000000e0000000, 0x00000000eea00000, 0x0000000100000000)
  eden space 182272K, 100% used [0x00000000e0000000,0x00000000eb200000,0x00000000eb200000)
  from space 18944K, 98% used [0x00000000eb780000,0x00000000ec9c4df0,0x00000000eca00000)
  to   space 28672K, 0% used [0x00000000ece00000,0x00000000ece00000,0x00000000eea00000)
 ParOldGen       total 149504K, used 42834K [0x00000000a0000000, 0x00000000a9200000, 0x00000000e0000000)
  object space 149504K, 28% used [0x00000000a0000000,0x00000000a29d48b0,0x00000000a9200000)
 Metaspace       used 81112K, capacity 86980K, committed 87192K, reserved 1124352K
  class space    used 10634K, capacity 11664K, committed 11696K, reserved 1048576K
Event: 2459.563 GC heap after
Heap after GC invocations=21 (full 3):
 PSYoungGen      total 205312K, used 28643K [0x00000000e0000000, 0x00000000eee80000, 0x0000000100000000)
  eden space 176640K, 0% used [0x00000000e0000000,0x00000000e0000000,0x00000000eac80000)
  from space 28672K, 99% used [0x00000000ece00000,0x00000000ee9f8e90,0x00000000eea00000)
  to   space 33792K, 0% used [0x00000000eac80000,0x00000000eac80000,0x00000000ecd80000)
 ParOldGen       total 149504K, used 45119K [0x00000000a0000000, 0x00000000a9200000, 0x00000000e0000000)
  object space 149504K, 30% used [0x00000000a0000000,0x00000000a2c0ffa0,0x00000000a9200000)
 Metaspace       used 81112K, capacity 86980K, committed 87192K, reserved 1124352K
  class space    used 10634K, capacity 11664K, committed 11696K, reserved 1048576K
}
Event: 2463.177 GC heap before
{Heap before GC invocations=22 (full 3):
 PSYoungGen      total 205312K, used 205283K [0x00000000e0000000, 0x00000000eee80000, 0x0000000100000000)
  eden space 176640K, 100% used [0x00000000e0000000,0x00000000eac80000,0x00000000eac80000)
  from space 28672K, 99% used [0x00000000ece00000,0x00000000ee9f8e90,0x00000000eea00000)
  to   space 33792K, 0% used [0x00000000eac80000,0x00000000eac80000,0x00000000ecd80000)
 ParOldGen       total 149504K, used 45119K [0x00000000a0000000, 0x00000000a9200000, 0x00000000e0000000)
  object space 149504K, 30% used [0x00000000a0000000,0x00000000a2c0ffa0,0x00000000a9200000)
 Metaspace       used 81586K, capacity 87604K, committed 87832K, reserved 1126400K
  class space    used 10663K, capacity 11700K, committed 11824K, reserved 1048576K
Event: 2463.195 GC heap after
Heap after GC invocations=22 (full 3):
 PSYoungGen      total 198144K, used 26196K [0x00000000e0000000, 0x00000000eed80000, 0x0000000100000000)
  eden space 171520K, 0% used [0x00000000e0000000,0x00000000e0000000,0x00000000ea780000)
  from space 26624K, 98% used [0x00000000eac80000,0x00000000ec615270,0x00000000ec680000)
  to   space 35840K, 0% used [0x00000000eca80000,0x00000000eca80000,0x00000000eed80000)
 ParOldGen       total 149504K, used 45816K [0x00000000a0000000, 0x00000000a9200000, 0x00000000e0000000)
  object space 149504K, 30% used [0x00000000a0000000,0x00000000a2cbe068,0x00000000a9200000)
 Metaspace       used 81586K, capacity 87604K, committed 87832K, reserved 1126400K
  class space    used 10663K, capacity 11700K, committed 11824K, reserved 1048576K
}

