# JRE version: OpenJDK Runtime Environment (8.0_152-b02) (build 1.8.0_152-release-1024-b02)
# Java VM: OpenJDK 64-Bit Server VM (25.152-b02 mixed mode windows-amd64 compressed oops)
Heap:
 PSYoungGen      total 219648K, used 58844K [0x00000000e0000000, 0x00000000f0c00000, 0x0000000100000000)
  eden space 195072K, 21% used [0x00000000e0000000,0x00000000e281f9a8,0x00000000ebe80000)
  from space 24576K, 72% used [0x00000000ebe80000,0x00000000ecfd78e0,0x00000000ed680000)
  to   space 25600K, 0% used [0x00000000ef300000,0x00000000ef300000,0x00000000f0c00000)
 ParOldGen       total 157184K, used 38421K [0x00000000a0000000, 0x00000000a9980000, 0x00000000e0000000)
  object space 157184K, 24% used [0x00000000a0000000,0x00000000a25855c0,0x00000000a9980000)
 Metaspace       used 63961K, capacity 66294K, committed 66456K, reserved 1105920K
  class space    used 8511K, capacity 9014K, committed 9136K, reserved 1048576K
GC Heap History (10 events):
Event: 8.813 GC heap before
{Heap before GC invocations=12 (full 2):
 PSYoungGen      total 157184K, used 157163K [0x00000000e0000000, 0x00000000ec880000, 0x0000000100000000)
  eden space 143360K, 100% used [0x00000000e0000000,0x00000000e8c00000,0x00000000e8c00000)
  from space 13824K, 99% used [0x00000000e8c00000,0x00000000e997af70,0x00000000e9980000)
  to   space 16384K, 0% used [0x00000000eb880000,0x00000000eb880000,0x00000000ec880000)
 ParOldGen       total 103936K, used 20540K [0x00000000a0000000, 0x00000000a6580000, 0x00000000e0000000)
  object space 103936K, 19% used [0x00000000a0000000,0x00000000a140f198,0x00000000a6580000)
 Metaspace       used 54954K, capacity 56694K, committed 56872K, reserved 1097728K
  class space    used 7478K, capacity 7912K, committed 7984K, reserved 1048576K
Event: 8.831 GC heap after
Heap after GC invocations=12 (full 2):
 PSYoungGen      total 184320K, used 16357K [0x00000000e0000000, 0x00000000ecf80000, 0x0000000100000000)
  eden space 167936K, 0% used [0x00000000e0000000,0x00000000e0000000,0x00000000ea400000)
  from space 16384K, 99% used [0x00000000eb880000,0x00000000ec879540,0x00000000ec880000)
  to   space 20992K, 0% used [0x00000000ea400000,0x00000000ea400000,0x00000000eb880000)
 ParOldGen       total 103936K, used 27855K [0x00000000a0000000, 0x00000000a6580000, 0x00000000e0000000)
  object space 103936K, 26% used [0x00000000a0000000,0x00000000a1b33cf0,0x00000000a6580000)
 Metaspace       used 54954K, capacity 56694K, committed 56872K, reserved 1097728K
  class space    used 7478K, capacity 7912K, committed 7984K, reserved 1048576K
}
Event: 10.393 GC heap before
{Heap before GC invocations=13 (full 2):
 PSYoungGen      total 184320K, used 93122K [0x00000000e0000000, 0x00000000ecf80000, 0x0000000100000000)
  eden space 167936K, 45% used [0x00000000e0000000,0x00000000e4af7580,0x00000000ea400000)
  from space 16384K, 99% used [0x00000000eb880000,0x00000000ec879540,0x00000000ec880000)
  to   space 20992K, 0% used [0x00000000ea400000,0x00000000ea400000,0x00000000eb880000)
 ParOldGen       total 103936K, used 27855K [0x00000000a0000000, 0x00000000a6580000, 0x00000000e0000000)
  object space 103936K, 26% used [0x00000000a0000000,0x00000000a1b33cf0,0x00000000a6580000)
 Metaspace       used 57359K, capacity 59106K, committed 59160K, reserved 1099776K
  class space    used 7797K, capacity 8216K, committed 8240K, reserved 1048576K
Event: 10.412 GC heap after
Heap after GC invocations=13 (full 2):
 PSYoungGen      total 188928K, used 20976K [0x00000000e0000000, 0x00000000ef280000, 0x0000000100000000)
  eden space 167936K, 0% used [0x00000000e0000000,0x00000000e0000000,0x00000000ea400000)
  from space 20992K, 99% used [0x00000000ea400000,0x00000000eb87c280,0x00000000eb880000)
  to   space 24576K, 0% used [0x00000000eda80000,0x00000000eda80000,0x00000000ef280000)
 ParOldGen       total 103936K, used 29260K [0x00000000a0000000, 0x00000000a6580000, 0x00000000e0000000)
  object space 103936K, 28% used [0x00000000a0000000,0x00000000a1c93290,0x00000000a6580000)
 Metaspace       used 57359K, capacity 59106K, committed 59160K, reserved 1099776K
  class space    used 7797K, capacity 8216K, committed 8240K, reserved 1048576K
}
Event: 10.412 GC heap before
{Heap before GC invocations=14 (full 3):
 PSYoungGen      total 188928K, used 20976K [0x00000000e0000000, 0x00000000ef280000, 0x0000000100000000)
  eden space 167936K, 0% used [0x00000000e0000000,0x00000000e0000000,0x00000000ea400000)
  from space 20992K, 99% used [0x00000000ea400000,0x00000000eb87c280,0x00000000eb880000)
  to   space 24576K, 0% used [0x00000000eda80000,0x00000000eda80000,0x00000000ef280000)
 ParOldGen       total 103936K, used 29260K [0x00000000a0000000, 0x00000000a6580000, 0x00000000e0000000)
  object space 103936K, 28% used [0x00000000a0000000,0x00000000a1c93290,0x00000000a6580000)
 Metaspace       used 57359K, capacity 59106K, committed 59160K, reserved 1099776K
  class space    used 7797K, capacity 8216K, committed 8240K, reserved 1048576K
Event: 10.602 GC heap after
Heap after GC invocations=14 (full 3):
 PSYoungGen      total 188928K, used 0K [0x00000000e0000000, 0x00000000ef280000, 0x0000000100000000)
  eden space 167936K, 0% used [0x00000000e0000000,0x00000000e0000000,0x00000000ea400000)
  from space 20992K, 0% used [0x00000000ea400000,0x00000000ea400000,0x00000000eb880000)
  to   space 24576K, 0% used [0x00000000eda80000,0x00000000eda80000,0x00000000ef280000)
 ParOldGen       total 157184K, used 38405K [0x00000000a0000000, 0x00000000a9980000, 0x00000000e0000000)
  object space 157184K, 24% used [0x00000000a0000000,0x00000000a25815c0,0x00000000a9980000)
 Metaspace       used 57359K, capacity 59106K, committed 59160K, reserved 1099776K
  class space    used 7797K, capacity 8216K, committed 8240K, reserved 1048576K
}
Event: 14.261 GC heap before
{Heap before GC invocations=15 (full 3):
 PSYoungGen      total 188928K, used 167517K [0x00000000e0000000, 0x00000000ef280000, 0x0000000100000000)
  eden space 167936K, 99% used [0x00000000e0000000,0x00000000ea397650,0x00000000ea400000)
  from space 20992K, 0% used [0x00000000ea400000,0x00000000ea400000,0x00000000eb880000)
  to   space 24576K, 0% used [0x00000000eda80000,0x00000000eda80000,0x00000000ef280000)
 ParOldGen       total 157184K, used 38405K [0x00000000a0000000, 0x00000000a9980000, 0x00000000e0000000)
  object space 157184K, 24% used [0x00000000a0000000,0x00000000a25815c0,0x00000000a9980000)
 Metaspace       used 62769K, capacity 64732K, committed 64920K, reserved 1105920K
  class space    used 8352K, capacity 8791K, committed 8880K, reserved 1048576K
Event: 14.279 GC heap after
Heap after GC invocations=15 (full 3):
 PSYoungGen      total 215552K, used 15302K [0x00000000e0000000, 0x00000000eee80000, 0x0000000100000000)
  eden space 195072K, 0% used [0x00000000e0000000,0x00000000e0000000,0x00000000ebe80000)
  from space 20480K, 74% used [0x00000000eda80000,0x00000000ee9718b0,0x00000000eee80000)
  to   space 24576K, 0% used [0x00000000ebe80000,0x00000000ebe80000,0x00000000ed680000)
 ParOldGen       total 157184K, used 38413K [0x00000000a0000000, 0x00000000a9980000, 0x00000000e0000000)
  object space 157184K, 24% used [0x00000000a0000000,0x00000000a25835c0,0x00000000a9980000)
 Metaspace       used 62769K, capacity 64732K, committed 64920K, reserved 1105920K
  class space    used 8352K, capacity 8791K, committed 8880K, reserved 1048576K
}
Event: 16.993 GC heap before
{Heap before GC invocations=16 (full 3):
 PSYoungGen      total 215552K, used 210374K [0x00000000e0000000, 0x00000000eee80000, 0x0000000100000000)
  eden space 195072K, 100% used [0x00000000e0000000,0x00000000ebe80000,0x00000000ebe80000)
  from space 20480K, 74% used [0x00000000eda80000,0x00000000ee9718b0,0x00000000eee80000)
  to   space 24576K, 0% used [0x00000000ebe80000,0x00000000ebe80000,0x00000000ed680000)
 ParOldGen       total 157184K, used 38413K [0x00000000a0000000, 0x00000000a9980000, 0x00000000e0000000)
  object space 157184K, 24% used [0x00000000a0000000,0x00000000a25835c0,0x00000000a9980000)
 Metaspace       used 63799K, capacity 66014K, committed 66072K, reserved 1105920K
  class space    used 8491K, capacity 8998K, committed 9008K, reserved 1048576K
Event: 17.004 GC heap after
Heap after GC invocations=16 (full 3):
 PSYoungGen      total 219648K, used 17758K [0x00000000e0000000, 0x00000000f0c00000, 0x0000000100000000)
  eden space 195072K, 0% used [0x00000000e0000000,0x00000000e0000000,0x00000000ebe80000)
  from space 24576K, 72% used [0x00000000ebe80000,0x00000000ecfd78e0,0x00000000ed680000)
  to   space 25600K, 0% used [0x00000000ef300000,0x00000000ef300000,0x00000000f0c00000)
 ParOldGen       total 157184K, used 38421K [0x00000000a0000000, 0x00000000a9980000, 0x00000000e0000000)
  object space 157184K, 24% used [0x00000000a0000000,0x00000000a25855c0,0x00000000a9980000)
 Metaspace       used 63799K, capacity 66014K, committed 66072K, reserved 1105920K
  class space    used 8491K, capacity 8998K, committed 9008K, reserved 1048576K
}

