# JRE version: OpenJDK Runtime Environment (8.0_152-b02) (build 1.8.0_152-release-1024-b02)
# Java VM: OpenJDK 64-Bit Server VM (25.152-b02 mixed mode windows-amd64 compressed oops)
Heap:
 PSYoungGen      total 182272K, used 67504K [0x00000000e0000000, 0x00000000ef680000, 0x0000000100000000)
  eden space 144384K, 20% used [0x00000000e0000000,0x00000000e1ced9c0,0x00000000e8d00000)
  from space 37888K, 99% used [0x00000000e8d00000,0x00000000eb1fe830,0x00000000eb200000)
  to   space 44032K, 0% used [0x00000000ecb80000,0x00000000ecb80000,0x00000000ef680000)
 ParOldGen       total 197632K, used 59330K [0x00000000a0000000, 0x00000000ac100000, 0x00000000e0000000)
  object space 197632K, 30% used [0x00000000a0000000,0x00000000a39f0918,0x00000000ac100000)
 Metaspace       used 102156K, capacity 106531K, committed 107340K, reserved 1142784K
  class space    used 12651K, capacity 13447K, committed 13644K, reserved 1048576K
GC Heap History (10 events):
Event: 5000.564 GC heap before
{Heap before GC invocations=27 (full 3):
 PSYoungGen      total 178688K, used 178225K [0x00000000e0000000, 0x00000000ed880000, 0x0000000100000000)
  eden space 151040K, 100% used [0x00000000e0000000,0x00000000e9380000,0x00000000e9380000)
  from space 27648K, 98% used [0x00000000e9800000,0x00000000eb28c688,0x00000000eb300000)
  to   space 35328K, 0% used [0x00000000eb600000,0x00000000eb600000,0x00000000ed880000)
 ParOldGen       total 143872K, used 45094K [0x00000000a0000000, 0x00000000a8c80000, 0x00000000e0000000)
  object space 143872K, 31% used [0x00000000a0000000,0x00000000a2c09a98,0x00000000a8c80000)
 Metaspace       used 88512K, capacity 93093K, committed 93440K, reserved 1130496K
  class space    used 11129K, capacity 11968K, committed 12032K, reserved 1048576K
Event: 5000.584 GC heap after
Heap after GC invocations=27 (full 3):
 PSYoungGen      total 182272K, used 28795K [0x00000000e0000000, 0x00000000ed880000, 0x0000000100000000)
  eden space 146944K, 0% used [0x00000000e0000000,0x00000000e0000000,0x00000000e8f80000)
  from space 35328K, 81% used [0x00000000eb600000,0x00000000ed21ef50,0x00000000ed880000)
  to   space 37376K, 0% used [0x00000000e8f80000,0x00000000e8f80000,0x00000000eb400000)
 ParOldGen       total 143872K, used 45102K [0x00000000a0000000, 0x00000000a8c80000, 0x00000000e0000000)
  object space 143872K, 31% used [0x00000000a0000000,0x00000000a2c0ba98,0x00000000a8c80000)
 Metaspace       used 88512K, capacity 93093K, committed 93440K, reserved 1130496K
  class space    used 11129K, capacity 11968K, committed 12032K, reserved 1048576K
}
Event: 5001.360 GC heap before
{Heap before GC invocations=28 (full 3):
 PSYoungGen      total 182272K, used 78709K [0x00000000e0000000, 0x00000000ed880000, 0x0000000100000000)
  eden space 146944K, 33% used [0x00000000e0000000,0x00000000e30be880,0x00000000e8f80000)
  from space 35328K, 81% used [0x00000000eb600000,0x00000000ed21ef50,0x00000000ed880000)
  to   space 37376K, 0% used [0x00000000e8f80000,0x00000000e8f80000,0x00000000eb400000)
 ParOldGen       total 143872K, used 45102K [0x00000000a0000000, 0x00000000a8c80000, 0x00000000e0000000)
  object space 143872K, 31% used [0x00000000a0000000,0x00000000a2c0ba98,0x00000000a8c80000)
 Metaspace       used 93567K, capacity 98143K, committed 98380K, reserved 1134592K
  class space    used 11693K, capacity 12559K, committed 12620K, reserved 1048576K
Event: 5001.380 GC heap after
Heap after GC invocations=28 (full 3):
 PSYoungGen      total 173568K, used 30519K [0x00000000e0000000, 0x00000000ed880000, 0x0000000100000000)
  eden space 142848K, 0% used [0x00000000e0000000,0x00000000e0000000,0x00000000e8b80000)
  from space 30720K, 99% used [0x00000000e8f80000,0x00000000ead4dff8,0x00000000ead80000)
  to   space 39424K, 0% used [0x00000000eb200000,0x00000000eb200000,0x00000000ed880000)
 ParOldGen       total 143872K, used 45110K [0x00000000a0000000, 0x00000000a8c80000, 0x00000000e0000000)
  object space 143872K, 31% used [0x00000000a0000000,0x00000000a2c0da98,0x00000000a8c80000)
 Metaspace       used 93567K, capacity 98143K, committed 98380K, reserved 1134592K
  class space    used 11693K, capacity 12559K, committed 12620K, reserved 1048576K
}
Event: 5001.380 GC heap before
{Heap before GC invocations=29 (full 4):
 PSYoungGen      total 173568K, used 30519K [0x00000000e0000000, 0x00000000ed880000, 0x0000000100000000)
  eden space 142848K, 0% used [0x00000000e0000000,0x00000000e0000000,0x00000000e8b80000)
  from space 30720K, 99% used [0x00000000e8f80000,0x00000000ead4dff8,0x00000000ead80000)
  to   space 39424K, 0% used [0x00000000eb200000,0x00000000eb200000,0x00000000ed880000)
 ParOldGen       total 143872K, used 45110K [0x00000000a0000000, 0x00000000a8c80000, 0x00000000e0000000)
  object space 143872K, 31% used [0x00000000a0000000,0x00000000a2c0da98,0x00000000a8c80000)
 Metaspace       used 93567K, capacity 98143K, committed 98380K, reserved 1134592K
  class space    used 11693K, capacity 12559K, committed 12620K, reserved 1048576K
Event: 5001.599 GC heap after
Heap after GC invocations=29 (full 4):
 PSYoungGen      total 173568K, used 0K [0x00000000e0000000, 0x00000000ed880000, 0x0000000100000000)
  eden space 142848K, 0% used [0x00000000e0000000,0x00000000e0000000,0x00000000e8b80000)
  from space 30720K, 0% used [0x00000000e8f80000,0x00000000e8f80000,0x00000000ead80000)
  to   space 39424K, 0% used [0x00000000eb200000,0x00000000eb200000,0x00000000ed880000)
 ParOldGen       total 197632K, used 54413K [0x00000000a0000000, 0x00000000ac100000, 0x00000000e0000000)
  object space 197632K, 27% used [0x00000000a0000000,0x00000000a3523588,0x00000000ac100000)
 Metaspace       used 92804K, capacity 96987K, committed 98380K, reserved 1134592K
  class space    used 11574K, capacity 12343K, committed 12620K, reserved 1048576K
}
Event: 5005.708 GC heap before
{Heap before GC invocations=30 (full 4):
 PSYoungGen      total 173568K, used 142848K [0x00000000e0000000, 0x00000000ed880000, 0x0000000100000000)
  eden space 142848K, 100% used [0x00000000e0000000,0x00000000e8b80000,0x00000000e8b80000)
  from space 30720K, 0% used [0x00000000e8f80000,0x00000000e8f80000,0x00000000ead80000)
  to   space 39424K, 0% used [0x00000000eb200000,0x00000000eb200000,0x00000000ed880000)
 ParOldGen       total 197632K, used 54413K [0x00000000a0000000, 0x00000000ac100000, 0x00000000e0000000)
  object space 197632K, 27% used [0x00000000a0000000,0x00000000a3523588,0x00000000ac100000)
 Metaspace       used 101892K, capacity 106241K, committed 107084K, reserved 1142784K
  class space    used 12643K, capacity 13440K, committed 13644K, reserved 1048576K
Event: 5005.726 GC heap after
Heap after GC invocations=30 (full 4):
 PSYoungGen      total 183808K, used 19520K [0x00000000e0000000, 0x00000000ee500000, 0x0000000100000000)
  eden space 144384K, 0% used [0x00000000e0000000,0x00000000e0000000,0x00000000e8d00000)
  from space 39424K, 49% used [0x00000000eb200000,0x00000000ec510038,0x00000000ed880000)
  to   space 37888K, 0% used [0x00000000e8d00000,0x00000000e8d00000,0x00000000eb200000)
 ParOldGen       total 197632K, used 54421K [0x00000000a0000000, 0x00000000ac100000, 0x00000000e0000000)
  object space 197632K, 27% used [0x00000000a0000000,0x00000000a3525588,0x00000000ac100000)
 Metaspace       used 101892K, capacity 106241K, committed 107084K, reserved 1142784K
  class space    used 12643K, capacity 13440K, committed 13644K, reserved 1048576K
}
Event: 5007.563 GC heap before
{Heap before GC invocations=31 (full 4):
 PSYoungGen      total 183808K, used 163904K [0x00000000e0000000, 0x00000000ee500000, 0x0000000100000000)
  eden space 144384K, 100% used [0x00000000e0000000,0x00000000e8d00000,0x00000000e8d00000)
  from space 39424K, 49% used [0x00000000eb200000,0x00000000ec510038,0x00000000ed880000)
  to   space 37888K, 0% used [0x00000000e8d00000,0x00000000e8d00000,0x00000000eb200000)
 ParOldGen       total 197632K, used 54421K [0x00000000a0000000, 0x00000000ac100000, 0x00000000e0000000)
  object space 197632K, 27% used [0x00000000a0000000,0x00000000a3525588,0x00000000ac100000)
 Metaspace       used 102112K, capacity 106527K, committed 107340K, reserved 1142784K
  class space    used 12651K, capacity 13447K, committed 13644K, reserved 1048576K
Event: 5007.601 GC heap after
Heap after GC invocations=31 (full 4):
 PSYoungGen      total 182272K, used 37882K [0x00000000e0000000, 0x00000000ef680000, 0x0000000100000000)
  eden space 144384K, 0% used [0x00000000e0000000,0x00000000e0000000,0x00000000e8d00000)
  from space 37888K, 99% used [0x00000000e8d00000,0x00000000eb1fe830,0x00000000eb200000)
  to   space 44032K, 0% used [0x00000000ecb80000,0x00000000ecb80000,0x00000000ef680000)
 ParOldGen       total 197632K, used 59330K [0x00000000a0000000, 0x00000000ac100000, 0x00000000e0000000)
  object space 197632K, 30% used [0x00000000a0000000,0x00000000a39f0918,0x00000000ac100000)
 Metaspace       used 102112K, capacity 106527K, committed 107340K, reserved 1142784K
  class space    used 12651K, capacity 13447K, committed 13644K, reserved 1048576K
}

