# JRE version: OpenJDK Runtime Environment (8.0_152-b02) (build 1.8.0_152-release-1024-b02)
# Java VM: OpenJDK 64-Bit Server VM (25.152-b02 mixed mode windows-amd64 compressed oops)
Heap:
 PSYoungGen      total 199168K, used 2952K [0x00000000e0000000, 0x00000000ef900000, 0x0000000100000000)
  eden space 177152K, 1% used [0x00000000e0000000,0x00000000e02e2350,0x00000000ead00000)
  from space 22016K, 0% used [0x00000000ee380000,0x00000000ee380000,0x00000000ef900000)
  to   space 20992K, 0% used [0x00000000ead00000,0x00000000ead00000,0x00000000ec180000)
 ParOldGen       total 156160K, used 39766K [0x00000000a0000000, 0x00000000a9880000, 0x00000000e0000000)
  object space 156160K, 25% used [0x00000000a0000000,0x00000000a26d59a0,0x00000000a9880000)
 Metaspace       used 59902K, capacity 61768K, committed 62488K, reserved 1105920K
  class space    used 8088K, capacity 8563K, committed 8752K, reserved 1048576K
GC Heap History (10 events):
Event: 8.277 GC heap before
{Heap before GC invocations=12 (full 2):
 PSYoungGen      total 165376K, used 165360K [0x00000000e0000000, 0x00000000ed180000, 0x0000000100000000)
  eden space 151552K, 100% used [0x00000000e0000000,0x00000000e9400000,0x00000000e9400000)
  from space 13824K, 99% used [0x00000000e9400000,0x00000000ea17c160,0x00000000ea180000)
  to   space 16384K, 0% used [0x00000000ec180000,0x00000000ec180000,0x00000000ed180000)
 ParOldGen       total 103424K, used 21229K [0x00000000a0000000, 0x00000000a6500000, 0x00000000e0000000)
  object space 103424K, 20% used [0x00000000a0000000,0x00000000a14bb520,0x00000000a6500000)
 Metaspace       used 54535K, capacity 56184K, committed 56360K, reserved 1097728K
  class space    used 7429K, capacity 7873K, committed 7984K, reserved 1048576K
Event: 8.301 GC heap after
Heap after GC invocations=12 (full 2):
 PSYoungGen      total 193536K, used 16373K [0x00000000e0000000, 0x00000000eda80000, 0x0000000100000000)
  eden space 177152K, 0% used [0x00000000e0000000,0x00000000e0000000,0x00000000ead00000)
  from space 16384K, 99% used [0x00000000ec180000,0x00000000ed17d560,0x00000000ed180000)
  to   space 20992K, 0% used [0x00000000ead00000,0x00000000ead00000,0x00000000ec180000)
 ParOldGen       total 103424K, used 28050K [0x00000000a0000000, 0x00000000a6500000, 0x00000000e0000000)
  object space 103424K, 27% used [0x00000000a0000000,0x00000000a1b64ab0,0x00000000a6500000)
 Metaspace       used 54535K, capacity 56184K, committed 56360K, reserved 1097728K
  class space    used 7429K, capacity 7873K, committed 7984K, reserved 1048576K
}
Event: 9.611 GC heap before
{Heap before GC invocations=13 (full 2):
 PSYoungGen      total 193536K, used 90898K [0x00000000e0000000, 0x00000000eda80000, 0x0000000100000000)
  eden space 177152K, 42% used [0x00000000e0000000,0x00000000e48c7638,0x00000000ead00000)
  from space 16384K, 99% used [0x00000000ec180000,0x00000000ed17d560,0x00000000ed180000)
  to   space 20992K, 0% used [0x00000000ead00000,0x00000000ead00000,0x00000000ec180000)
 ParOldGen       total 103424K, used 28050K [0x00000000a0000000, 0x00000000a6500000, 0x00000000e0000000)
  object space 103424K, 27% used [0x00000000a0000000,0x00000000a1b64ab0,0x00000000a6500000)
 Metaspace       used 56978K, capacity 59012K, committed 59160K, reserved 1099776K
  class space    used 7745K, capacity 8229K, committed 8240K, reserved 1048576K
Event: 9.625 GC heap after
Heap after GC invocations=13 (full 2):
 PSYoungGen      total 198144K, used 15948K [0x00000000e0000000, 0x00000000ef900000, 0x0000000100000000)
  eden space 177152K, 0% used [0x00000000e0000000,0x00000000e0000000,0x00000000ead00000)
  from space 20992K, 75% used [0x00000000ead00000,0x00000000ebc93190,0x00000000ec180000)
  to   space 22016K, 0% used [0x00000000ee380000,0x00000000ee380000,0x00000000ef900000)
 ParOldGen       total 103424K, used 33311K [0x00000000a0000000, 0x00000000a6500000, 0x00000000e0000000)
  object space 103424K, 32% used [0x00000000a0000000,0x00000000a2087dd0,0x00000000a6500000)
 Metaspace       used 56978K, capacity 59012K, committed 59160K, reserved 1099776K
  class space    used 7745K, capacity 8229K, committed 8240K, reserved 1048576K
}
Event: 9.625 GC heap before
{Heap before GC invocations=14 (full 3):
 PSYoungGen      total 198144K, used 15948K [0x00000000e0000000, 0x00000000ef900000, 0x0000000100000000)
  eden space 177152K, 0% used [0x00000000e0000000,0x00000000e0000000,0x00000000ead00000)
  from space 20992K, 75% used [0x00000000ead00000,0x00000000ebc93190,0x00000000ec180000)
  to   space 22016K, 0% used [0x00000000ee380000,0x00000000ee380000,0x00000000ef900000)
 ParOldGen       total 103424K, used 33311K [0x00000000a0000000, 0x00000000a6500000, 0x00000000e0000000)
  object space 103424K, 32% used [0x00000000a0000000,0x00000000a2087dd0,0x00000000a6500000)
 Metaspace       used 56978K, capacity 59012K, committed 59160K, reserved 1099776K
  class space    used 7745K, capacity 8229K, committed 8240K, reserved 1048576K
Event: 9.780 GC heap after
Heap after GC invocations=14 (full 3):
 PSYoungGen      total 198144K, used 0K [0x00000000e0000000, 0x00000000ef900000, 0x0000000100000000)
  eden space 177152K, 0% used [0x00000000e0000000,0x00000000e0000000,0x00000000ead00000)
  from space 20992K, 0% used [0x00000000ead00000,0x00000000ead00000,0x00000000ec180000)
  to   space 22016K, 0% used [0x00000000ee380000,0x00000000ee380000,0x00000000ef900000)
 ParOldGen       total 156160K, used 37207K [0x00000000a0000000, 0x00000000a9880000, 0x00000000e0000000)
  object space 156160K, 23% used [0x00000000a0000000,0x00000000a2455f08,0x00000000a9880000)
 Metaspace       used 56598K, capacity 58414K, committed 59160K, reserved 1099776K
  class space    used 7676K, capacity 8118K, committed 8240K, reserved 1048576K
}
Event: 10.057 GC heap before
{Heap before GC invocations=15 (full 3):
 PSYoungGen      total 198144K, used 25280K [0x00000000e0000000, 0x00000000ef900000, 0x0000000100000000)
  eden space 177152K, 14% used [0x00000000e0000000,0x00000000e18b0118,0x00000000ead00000)
  from space 20992K, 0% used [0x00000000ead00000,0x00000000ead00000,0x00000000ec180000)
  to   space 22016K, 0% used [0x00000000ee380000,0x00000000ee380000,0x00000000ef900000)
 ParOldGen       total 156160K, used 37207K [0x00000000a0000000, 0x00000000a9880000, 0x00000000e0000000)
  object space 156160K, 23% used [0x00000000a0000000,0x00000000a2455f08,0x00000000a9880000)
 Metaspace       used 59946K, capacity 62122K, committed 62232K, reserved 1107968K
  class space    used 8130K, capacity 8648K, committed 8752K, reserved 1048576K
Event: 10.063 GC heap after
Heap after GC invocations=15 (full 3):
 PSYoungGen      total 199168K, used 5295K [0x00000000e0000000, 0x00000000ef900000, 0x0000000100000000)
  eden space 177152K, 0% used [0x00000000e0000000,0x00000000e0000000,0x00000000ead00000)
  from space 22016K, 24% used [0x00000000ee380000,0x00000000ee8abc68,0x00000000ef900000)
  to   space 20992K, 0% used [0x00000000ead00000,0x00000000ead00000,0x00000000ec180000)
 ParOldGen       total 156160K, used 37215K [0x00000000a0000000, 0x00000000a9880000, 0x00000000e0000000)
  object space 156160K, 23% used [0x00000000a0000000,0x00000000a2457f08,0x00000000a9880000)
 Metaspace       used 59946K, capacity 62122K, committed 62232K, reserved 1107968K
  class space    used 8130K, capacity 8648K, committed 8752K, reserved 1048576K
}
Event: 10.063 GC heap before
{Heap before GC invocations=16 (full 4):
 PSYoungGen      total 199168K, used 5295K [0x00000000e0000000, 0x00000000ef900000, 0x0000000100000000)
  eden space 177152K, 0% used [0x00000000e0000000,0x00000000e0000000,0x00000000ead00000)
  from space 22016K, 24% used [0x00000000ee380000,0x00000000ee8abc68,0x00000000ef900000)
  to   space 20992K, 0% used [0x00000000ead00000,0x00000000ead00000,0x00000000ec180000)
 ParOldGen       total 156160K, used 37215K [0x00000000a0000000, 0x00000000a9880000, 0x00000000e0000000)
  object space 156160K, 23% used [0x00000000a0000000,0x00000000a2457f08,0x00000000a9880000)
 Metaspace       used 59946K, capacity 62122K, committed 62232K, reserved 1107968K
  class space    used 8130K, capacity 8648K, committed 8752K, reserved 1048576K
Event: 10.142 GC heap after
Heap after GC invocations=16 (full 4):
 PSYoungGen      total 199168K, used 0K [0x00000000e0000000, 0x00000000ef900000, 0x0000000100000000)
  eden space 177152K, 0% used [0x00000000e0000000,0x00000000e0000000,0x00000000ead00000)
  from space 22016K, 0% used [0x00000000ee380000,0x00000000ee380000,0x00000000ef900000)
  to   space 20992K, 0% used [0x00000000ead00000,0x00000000ead00000,0x00000000ec180000)
 ParOldGen       total 156160K, used 39766K [0x00000000a0000000, 0x00000000a9880000, 0x00000000e0000000)
  object space 156160K, 25% used [0x00000000a0000000,0x00000000a26d59a0,0x00000000a9880000)
 Metaspace       used 59754K, capacity 61608K, committed 62232K, reserved 1105920K
  class space    used 8063K, capacity 8531K, committed 8752K, reserved 1048576K
}

